Determining if the pthread_create exist failed with the following output:
Change Dir: /home/turtlebot/catkin_ws/build/CMakeFiles/CMakeTmp

Run Build Command:"/usr/bin/make" "cmTC_e132a/fast"
/usr/bin/make -f CMakeFiles/cmTC_e132a.dir/build.make CMakeFiles/cmTC_e132a.dir/build
make[1]: Entering directory '/home/turtlebot/catkin_ws/build/CMakeFiles/CMakeTmp'
Building C object CMakeFiles/cmTC_e132a.dir/CheckSymbolExists.c.o
/usr/bin/cc     -o CMakeFiles/cmTC_e132a.dir/CheckSymbolExists.c.o   -c /home/turtlebot/catkin_ws/build/CMakeFiles/CMakeTmp/CheckSymbolExists.c
Linking C executable cmTC_e132a
/usr/bin/cmake -E cmake_link_script CMakeFiles/cmTC_e132a.dir/link.txt --verbose=1
/usr/bin/cc       CMakeFiles/cmTC_e132a.dir/CheckSymbolExists.c.o  -o cmTC_e132a -rdynamic 
CMakeFiles/cmTC_e132a.dir/CheckSymbolExists.c.o: In function `main':
CheckSymbolExists.c:(.text+0x16): undefined reference to `pthread_create'
collect2: error: ld returned 1 exit status
CMakeFiles/cmTC_e132a.dir/build.make:97: recipe for target 'cmTC_e132a' failed
make[1]: *** [cmTC_e132a] Error 1
make[1]: Leaving directory '/home/turtlebot/catkin_ws/build/CMakeFiles/CMakeTmp'
Makefile:126: recipe for target 'cmTC_e132a/fast' failed
make: *** [cmTC_e132a/fast] Error 2

File /home/turtlebot/catkin_ws/build/CMakeFiles/CMakeTmp/CheckSymbolExists.c:
/* */
#include <pthread.h>

int main(int argc, char** argv)
{
  (void)argv;
#ifndef pthread_create
  return ((int*)(&pthread_create))[argc];
#else
  (void)argc;
  return 0;
#endif
}

Determining if the function pthread_create exists in the pthreads failed with the following output:
Change Dir: /home/turtlebot/catkin_ws/build/CMakeFiles/CMakeTmp

Run Build Command:"/usr/bin/make" "cmTC_98878/fast"
/usr/bin/make -f CMakeFiles/cmTC_98878.dir/build.make CMakeFiles/cmTC_98878.dir/build
make[1]: Entering directory '/home/turtlebot/catkin_ws/build/CMakeFiles/CMakeTmp'
Building C object CMakeFiles/cmTC_98878.dir/CheckFunctionExists.c.o
/usr/bin/cc    -DCHECK_FUNCTION_EXISTS=pthread_create   -o CMakeFiles/cmTC_98878.dir/CheckFunctionExists.c.o   -c /usr/share/cmake-3.5/Modules/CheckFunctionExists.c
Linking C executable cmTC_98878
/usr/bin/cmake -E cmake_link_script CMakeFiles/cmTC_98878.dir/link.txt --verbose=1
/usr/bin/cc   -DCHECK_FUNCTION_EXISTS=pthread_create    CMakeFiles/cmTC_98878.dir/CheckFunctionExists.c.o  -o cmTC_98878 -rdynamic -lpthreads 
/usr/bin/ld: cannot find -lpthreads
collect2: error: ld returned 1 exit status
CMakeFiles/cmTC_98878.dir/build.make:97: recipe for target 'cmTC_98878' failed
make[1]: *** [cmTC_98878] Error 1
make[1]: Leaving directory '/home/turtlebot/catkin_ws/build/CMakeFiles/CMakeTmp'
Makefile:126: recipe for target 'cmTC_98878/fast' failed
make: *** [cmTC_98878/fast] Error 2


